2018-10-07 09:20:28,783 [main] FATAL ui.AVRSim - Encountered fatal error...
parse.ParseException: [46,8] Fatal parsing error
	at parse.sim_inst.report_fatal_error(sim_inst.java:616)
	at parse.sim_inst.unrecovered_syntax_error(sim_inst.java:607)
	at java_cup.runtime.lr_parser.parse(lr_parser.java:616)
	at parse.ReadAssem.getProgram(ReadAssem.java:37)
	at ui.AVRSim.loadAssemFile(AVRSim.java:67)
	at ui.AVRSim.run(AVRSim.java:76)
	at ui.Main.main(Main.java:134)
	at sun.reflect.NativeMethodAccessorImpl.invoke0(Native Method)
	at sun.reflect.NativeMethodAccessorImpl.invoke(NativeMethodAccessorImpl.java:39)
	at sun.reflect.DelegatingMethodAccessorImpl.invoke(DelegatingMethodAccessorImpl.java:25)
	at java.lang.reflect.Method.invoke(Method.java:597)
	at com.simontuffs.onejar.Boot.run(Boot.java:340)
	at com.simontuffs.onejar.Boot.main(Boot.java:166)
2018-10-07 09:24:45,716 [main] FATAL ui.Main - Assembly File passed in does not exist.
2018-10-29 19:41:53,489 [main] FATAL ui.AVRSim - Encountered fatal error...
java.lang.NullPointerException
	at parse.ReadAssem.getProgram(ReadAssem.java:37)
	at ui.AVRSim.loadAssemFile(AVRSim.java:67)
	at ui.AVRSim.run(AVRSim.java:76)
	at ui.Main.main(Main.java:134)
	at sun.reflect.NativeMethodAccessorImpl.invoke0(Native Method)
	at sun.reflect.NativeMethodAccessorImpl.invoke(NativeMethodAccessorImpl.java:39)
	at sun.reflect.DelegatingMethodAccessorImpl.invoke(DelegatingMethodAccessorImpl.java:25)
	at java.lang.reflect.Method.invoke(Method.java:597)
	at com.simontuffs.onejar.Boot.run(Boot.java:340)
	at com.simontuffs.onejar.Boot.main(Boot.java:166)
2018-10-30 15:01:28,269 [main] FATAL ui.AVRSim - Encountered error during runtime.
instructions.RuntimeError: Could not find label: MJ_L5
	at instructions.InstrBRNE.execute(InstrBRNE.java:26)
	at instructions.Instr.executeWrapper(Instr.java:43)
	at machine.MachineState.executeInstruction(MachineState.java:321)
	at ui.AVRSim.runAssem(AVRSim.java:97)
	at ui.AVRSim.run(AVRSim.java:82)
	at ui.Main.main(Main.java:134)
	at sun.reflect.NativeMethodAccessorImpl.invoke0(Native Method)
	at sun.reflect.NativeMethodAccessorImpl.invoke(NativeMethodAccessorImpl.java:39)
	at sun.reflect.DelegatingMethodAccessorImpl.invoke(DelegatingMethodAccessorImpl.java:25)
	at java.lang.reflect.Method.invoke(Method.java:597)
	at com.simontuffs.onejar.Boot.run(Boot.java:340)
	at com.simontuffs.onejar.Boot.main(Boot.java:166)
2018-10-30 22:59:06,502 [main] FATAL ui.AVRSim - Encountered fatal error...
java.lang.NullPointerException
	at parse.ReadAssem.getProgram(ReadAssem.java:37)
	at ui.AVRSim.loadAssemFile(AVRSim.java:67)
	at ui.AVRSim.run(AVRSim.java:76)
	at ui.Main.main(Main.java:134)
	at sun.reflect.NativeMethodAccessorImpl.invoke0(Native Method)
	at sun.reflect.NativeMethodAccessorImpl.invoke(NativeMethodAccessorImpl.java:62)
	at sun.reflect.DelegatingMethodAccessorImpl.invoke(DelegatingMethodAccessorImpl.java:43)
	at java.lang.reflect.Method.invoke(Method.java:498)
	at com.simontuffs.onejar.Boot.run(Boot.java:340)
	at com.simontuffs.onejar.Boot.main(Boot.java:166)
2018-10-30 23:16:51,606 [main] FATAL ui.AVRSim - Encountered fatal error...
java.lang.NullPointerException
	at parse.ReadAssem.getProgram(ReadAssem.java:37)
	at ui.AVRSim.loadAssemFile(AVRSim.java:67)
	at ui.AVRSim.run(AVRSim.java:76)
	at ui.Main.main(Main.java:134)
	at sun.reflect.NativeMethodAccessorImpl.invoke0(Native Method)
	at sun.reflect.NativeMethodAccessorImpl.invoke(NativeMethodAccessorImpl.java:62)
	at sun.reflect.DelegatingMethodAccessorImpl.invoke(DelegatingMethodAccessorImpl.java:43)
	at java.lang.reflect.Method.invoke(Method.java:498)
	at com.simontuffs.onejar.Boot.run(Boot.java:340)
	at com.simontuffs.onejar.Boot.main(Boot.java:166)
2018-10-30 23:17:04,136 [main] FATAL ui.AVRSim - Encountered fatal error...
java.lang.NullPointerException
	at parse.ReadAssem.getProgram(ReadAssem.java:37)
	at ui.AVRSim.loadAssemFile(AVRSim.java:67)
	at ui.AVRSim.run(AVRSim.java:76)
	at ui.Main.main(Main.java:134)
	at sun.reflect.NativeMethodAccessorImpl.invoke0(Native Method)
	at sun.reflect.NativeMethodAccessorImpl.invoke(NativeMethodAccessorImpl.java:62)
	at sun.reflect.DelegatingMethodAccessorImpl.invoke(DelegatingMethodAccessorImpl.java:43)
	at java.lang.reflect.Method.invoke(Method.java:498)
	at com.simontuffs.onejar.Boot.run(Boot.java:340)
	at com.simontuffs.onejar.Boot.main(Boot.java:166)
2018-10-31 15:56:11,616 [main] FATAL ui.AVRSim - Encountered fatal error...
java.lang.NullPointerException
	at parse.ReadAssem.getProgram(ReadAssem.java:39)
	at ui.AVRSim.loadAssemFile(AVRSim.java:67)
	at ui.AVRSim.run(AVRSim.java:76)
	at ui.Main.main(Main.java:134)
	at sun.reflect.NativeMethodAccessorImpl.invoke0(Native Method)
	at sun.reflect.NativeMethodAccessorImpl.invoke(NativeMethodAccessorImpl.java:39)
	at sun.reflect.DelegatingMethodAccessorImpl.invoke(DelegatingMethodAccessorImpl.java:25)
	at java.lang.reflect.Method.invoke(Method.java:597)
	at com.simontuffs.onejar.Boot.run(Boot.java:340)
	at com.simontuffs.onejar.Boot.main(Boot.java:166)
2018-10-31 15:56:48,032 [main] FATAL ui.AVRSim - Encountered fatal error...
java.lang.NullPointerException
	at parse.ReadAssem.getProgram(ReadAssem.java:39)
	at ui.AVRSim.loadAssemFile(AVRSim.java:67)
	at ui.AVRSim.run(AVRSim.java:76)
	at ui.Main.main(Main.java:134)
	at sun.reflect.NativeMethodAccessorImpl.invoke0(Native Method)
	at sun.reflect.NativeMethodAccessorImpl.invoke(NativeMethodAccessorImpl.java:39)
	at sun.reflect.DelegatingMethodAccessorImpl.invoke(DelegatingMethodAccessorImpl.java:25)
	at java.lang.reflect.Method.invoke(Method.java:597)
	at com.simontuffs.onejar.Boot.run(Boot.java:340)
	at com.simontuffs.onejar.Boot.main(Boot.java:166)
2018-11-01 16:13:17,418 [main] FATAL ui.AVRSim - Encountered fatal error...
java.lang.ClassCastException: instructions.InstrJmp cannot be cast to java.util.List
	at parse.ReadAssem.getProgram(ReadAssem.java:37)
	at ui.AVRSim.loadAssemFile(AVRSim.java:67)
	at ui.AVRSim.run(AVRSim.java:76)
	at ui.Main.main(Main.java:134)
	at sun.reflect.NativeMethodAccessorImpl.invoke0(Native Method)
	at sun.reflect.NativeMethodAccessorImpl.invoke(NativeMethodAccessorImpl.java:39)
	at sun.reflect.DelegatingMethodAccessorImpl.invoke(DelegatingMethodAccessorImpl.java:25)
	at java.lang.reflect.Method.invoke(Method.java:597)
	at com.simontuffs.onejar.Boot.run(Boot.java:340)
	at com.simontuffs.onejar.Boot.main(Boot.java:166)
2018-11-01 17:44:44,803 [main] FATAL ui.AVRSim - Encountered fatal error...
java.lang.ClassCastException: instructions.InstrBRNE cannot be cast to java.util.List
	at parse.ReadAssem.getProgram(ReadAssem.java:37)
	at ui.AVRSim.loadAssemFile(AVRSim.java:67)
	at ui.AVRSim.run(AVRSim.java:76)
	at ui.Main.main(Main.java:134)
	at sun.reflect.NativeMethodAccessorImpl.invoke0(Native Method)
	at sun.reflect.NativeMethodAccessorImpl.invoke(NativeMethodAccessorImpl.java:39)
	at sun.reflect.DelegatingMethodAccessorImpl.invoke(DelegatingMethodAccessorImpl.java:25)
	at java.lang.reflect.Method.invoke(Method.java:597)
	at com.simontuffs.onejar.Boot.run(Boot.java:340)
	at com.simontuffs.onejar.Boot.main(Boot.java:166)
2018-11-01 20:27:50,901 [main] FATAL ui.AVRSim - Encountered fatal error...
java.lang.ClassCastException: instructions.InstrJmp cannot be cast to java.util.List
	at parse.ReadAssem.getProgram(ReadAssem.java:37)
	at ui.AVRSim.loadAssemFile(AVRSim.java:67)
	at ui.AVRSim.run(AVRSim.java:76)
	at ui.Main.main(Main.java:134)
	at sun.reflect.NativeMethodAccessorImpl.invoke0(Native Method)
	at sun.reflect.NativeMethodAccessorImpl.invoke(NativeMethodAccessorImpl.java:39)
	at sun.reflect.DelegatingMethodAccessorImpl.invoke(DelegatingMethodAccessorImpl.java:25)
	at java.lang.reflect.Method.invoke(Method.java:597)
	at com.simontuffs.onejar.Boot.run(Boot.java:340)
	at com.simontuffs.onejar.Boot.main(Boot.java:166)
2018-11-01 21:19:12,847 [main] FATAL ui.AVRSim - Encountered fatal error...
java.lang.ClassCastException: instructions.InstrJmp cannot be cast to java.util.List
	at parse.ReadAssem.getProgram(ReadAssem.java:37)
	at ui.AVRSim.loadAssemFile(AVRSim.java:67)
	at ui.AVRSim.run(AVRSim.java:76)
	at ui.Main.main(Main.java:134)
	at sun.reflect.NativeMethodAccessorImpl.invoke0(Native Method)
	at sun.reflect.NativeMethodAccessorImpl.invoke(NativeMethodAccessorImpl.java:39)
	at sun.reflect.DelegatingMethodAccessorImpl.invoke(DelegatingMethodAccessorImpl.java:25)
	at java.lang.reflect.Method.invoke(Method.java:597)
	at com.simontuffs.onejar.Boot.run(Boot.java:340)
	at com.simontuffs.onejar.Boot.main(Boot.java:166)
2018-11-01 21:19:36,671 [main] FATAL ui.AVRSim - Encountered fatal error...
java.lang.ClassCastException: instructions.InstrJmp cannot be cast to java.util.List
	at parse.ReadAssem.getProgram(ReadAssem.java:37)
	at ui.AVRSim.loadAssemFile(AVRSim.java:67)
	at ui.AVRSim.run(AVRSim.java:76)
	at ui.Main.main(Main.java:134)
	at sun.reflect.NativeMethodAccessorImpl.invoke0(Native Method)
	at sun.reflect.NativeMethodAccessorImpl.invoke(NativeMethodAccessorImpl.java:39)
	at sun.reflect.DelegatingMethodAccessorImpl.invoke(DelegatingMethodAccessorImpl.java:25)
	at java.lang.reflect.Method.invoke(Method.java:597)
	at com.simontuffs.onejar.Boot.run(Boot.java:340)
	at com.simontuffs.onejar.Boot.main(Boot.java:166)
2018-11-01 21:31:21,209 [main] FATAL ui.AVRSim - Encountered fatal error...
java.lang.ClassCastException: instructions.InstrJmp cannot be cast to java.util.List
	at parse.ReadAssem.getProgram(ReadAssem.java:37)
	at ui.AVRSim.loadAssemFile(AVRSim.java:67)
	at ui.AVRSim.run(AVRSim.java:76)
	at ui.Main.main(Main.java:134)
	at sun.reflect.NativeMethodAccessorImpl.invoke0(Native Method)
	at sun.reflect.NativeMethodAccessorImpl.invoke(NativeMethodAccessorImpl.java:39)
	at sun.reflect.DelegatingMethodAccessorImpl.invoke(DelegatingMethodAccessorImpl.java:25)
	at java.lang.reflect.Method.invoke(Method.java:597)
	at com.simontuffs.onejar.Boot.run(Boot.java:340)
	at com.simontuffs.onejar.Boot.main(Boot.java:166)
2018-11-01 21:35:11,329 [main] FATAL ui.AVRSim - Encountered error during runtime.
instructions.RuntimeError: Could not find label: MJ_L
	at instructions.InstrJmp.execute(InstrJmp.java:33)
	at instructions.Instr.executeWrapper(Instr.java:43)
	at machine.MachineState.executeInstruction(MachineState.java:321)
	at ui.AVRSim.runAssem(AVRSim.java:97)
	at ui.AVRSim.run(AVRSim.java:82)
	at ui.Main.main(Main.java:134)
	at sun.reflect.NativeMethodAccessorImpl.invoke0(Native Method)
	at sun.reflect.NativeMethodAccessorImpl.invoke(NativeMethodAccessorImpl.java:39)
	at sun.reflect.DelegatingMethodAccessorImpl.invoke(DelegatingMethodAccessorImpl.java:25)
	at java.lang.reflect.Method.invoke(Method.java:597)
	at com.simontuffs.onejar.Boot.run(Boot.java:340)
	at com.simontuffs.onejar.Boot.main(Boot.java:166)
2018-11-01 21:42:28,056 [main] FATAL ui.AVRSim - Encountered error during runtime.
instructions.RuntimeError: Could not find label: MJ_L
	at instructions.InstrJmp.execute(InstrJmp.java:33)
	at instructions.Instr.executeWrapper(Instr.java:43)
	at machine.MachineState.executeInstruction(MachineState.java:321)
	at ui.AVRSim.runAssem(AVRSim.java:97)
	at ui.AVRSim.run(AVRSim.java:82)
	at ui.Main.main(Main.java:134)
	at sun.reflect.NativeMethodAccessorImpl.invoke0(Native Method)
	at sun.reflect.NativeMethodAccessorImpl.invoke(NativeMethodAccessorImpl.java:39)
	at sun.reflect.DelegatingMethodAccessorImpl.invoke(DelegatingMethodAccessorImpl.java:25)
	at java.lang.reflect.Method.invoke(Method.java:597)
	at com.simontuffs.onejar.Boot.run(Boot.java:340)
	at com.simontuffs.onejar.Boot.main(Boot.java:166)
2018-11-01 21:47:31,689 [main] FATAL ui.AVRSim - Encountered error during runtime.
instructions.RuntimeError: Hit max number of jumps for label: MJ_L0:
	at machine.MachineState.executeInstruction(MachineState.java:310)
	at ui.AVRSim.runAssem(AVRSim.java:97)
	at ui.AVRSim.run(AVRSim.java:82)
	at ui.Main.main(Main.java:134)
	at sun.reflect.NativeMethodAccessorImpl.invoke0(Native Method)
	at sun.reflect.NativeMethodAccessorImpl.invoke(NativeMethodAccessorImpl.java:39)
	at sun.reflect.DelegatingMethodAccessorImpl.invoke(DelegatingMethodAccessorImpl.java:25)
	at java.lang.reflect.Method.invoke(Method.java:597)
	at com.simontuffs.onejar.Boot.run(Boot.java:340)
	at com.simontuffs.onejar.Boot.main(Boot.java:166)
2018-11-01 21:47:48,616 [main] FATAL ui.AVRSim - Encountered error during runtime.
instructions.RuntimeError: Hit max number of jumps for label: MJ_L0:
	at machine.MachineState.executeInstruction(MachineState.java:310)
	at ui.AVRSim.runAssem(AVRSim.java:97)
	at ui.AVRSim.run(AVRSim.java:82)
	at ui.Main.main(Main.java:134)
	at sun.reflect.NativeMethodAccessorImpl.invoke0(Native Method)
	at sun.reflect.NativeMethodAccessorImpl.invoke(NativeMethodAccessorImpl.java:39)
	at sun.reflect.DelegatingMethodAccessorImpl.invoke(DelegatingMethodAccessorImpl.java:25)
	at java.lang.reflect.Method.invoke(Method.java:597)
	at com.simontuffs.onejar.Boot.run(Boot.java:340)
	at com.simontuffs.onejar.Boot.main(Boot.java:166)
2018-11-01 21:48:21,496 [main] FATAL ui.AVRSim - Encountered fatal error...
java.lang.NullPointerException
	at parse.ReadAssem.getProgram(ReadAssem.java:37)
	at ui.AVRSim.loadAssemFile(AVRSim.java:67)
	at ui.AVRSim.run(AVRSim.java:76)
	at ui.Main.main(Main.java:134)
	at sun.reflect.NativeMethodAccessorImpl.invoke0(Native Method)
	at sun.reflect.NativeMethodAccessorImpl.invoke(NativeMethodAccessorImpl.java:39)
	at sun.reflect.DelegatingMethodAccessorImpl.invoke(DelegatingMethodAccessorImpl.java:25)
	at java.lang.reflect.Method.invoke(Method.java:597)
	at com.simontuffs.onejar.Boot.run(Boot.java:340)
	at com.simontuffs.onejar.Boot.main(Boot.java:166)
2018-11-01 21:48:24,058 [main] FATAL ui.AVRSim - Encountered fatal error...
java.lang.ArrayIndexOutOfBoundsException: 9
	at machine.MachineState.setDisplaySlate(MachineState.java:523)
	at machine.functions.FuncSetPix.exec(FuncSetPix.java:34)
	at instructions.InstrCall.execute(InstrCall.java:38)
	at instructions.Instr.executeWrapper(Instr.java:43)
	at machine.MachineState.executeInstruction(MachineState.java:321)
	at ui.AVRSim.runAssem(AVRSim.java:97)
	at ui.AVRSim.run(AVRSim.java:82)
	at ui.Main.main(Main.java:134)
	at sun.reflect.NativeMethodAccessorImpl.invoke0(Native Method)
	at sun.reflect.NativeMethodAccessorImpl.invoke(NativeMethodAccessorImpl.java:39)
	at sun.reflect.DelegatingMethodAccessorImpl.invoke(DelegatingMethodAccessorImpl.java:25)
	at java.lang.reflect.Method.invoke(Method.java:597)
	at com.simontuffs.onejar.Boot.run(Boot.java:340)
	at com.simontuffs.onejar.Boot.main(Boot.java:166)
2018-11-01 21:53:52,822 [main] FATAL ui.AVRSim - Encountered fatal error...
java.lang.NullPointerException
	at parse.ReadAssem.getProgram(ReadAssem.java:37)
	at ui.AVRSim.loadAssemFile(AVRSim.java:67)
	at ui.AVRSim.run(AVRSim.java:76)
	at ui.Main.main(Main.java:134)
	at sun.reflect.NativeMethodAccessorImpl.invoke0(Native Method)
	at sun.reflect.NativeMethodAccessorImpl.invoke(NativeMethodAccessorImpl.java:39)
	at sun.reflect.DelegatingMethodAccessorImpl.invoke(DelegatingMethodAccessorImpl.java:25)
	at java.lang.reflect.Method.invoke(Method.java:597)
	at com.simontuffs.onejar.Boot.run(Boot.java:340)
	at com.simontuffs.onejar.Boot.main(Boot.java:166)
2018-11-01 21:53:55,746 [main] FATAL ui.AVRSim - Encountered error during runtime.
instructions.RuntimeError: Hit max number of jumps for label: MJ_L0:
	at machine.MachineState.executeInstruction(MachineState.java:310)
	at ui.AVRSim.runAssem(AVRSim.java:97)
	at ui.AVRSim.run(AVRSim.java:82)
	at ui.Main.main(Main.java:134)
	at sun.reflect.NativeMethodAccessorImpl.invoke0(Native Method)
	at sun.reflect.NativeMethodAccessorImpl.invoke(NativeMethodAccessorImpl.java:39)
	at sun.reflect.DelegatingMethodAccessorImpl.invoke(DelegatingMethodAccessorImpl.java:25)
	at java.lang.reflect.Method.invoke(Method.java:597)
	at com.simontuffs.onejar.Boot.run(Boot.java:340)
	at com.simontuffs.onejar.Boot.main(Boot.java:166)
2018-11-01 21:54:42,952 [main] FATAL ui.AVRSim - Encountered fatal error...
java.lang.NullPointerException
	at parse.ReadAssem.getProgram(ReadAssem.java:37)
	at ui.AVRSim.loadAssemFile(AVRSim.java:67)
	at ui.AVRSim.run(AVRSim.java:76)
	at ui.Main.main(Main.java:134)
	at sun.reflect.NativeMethodAccessorImpl.invoke0(Native Method)
	at sun.reflect.NativeMethodAccessorImpl.invoke(NativeMethodAccessorImpl.java:39)
	at sun.reflect.DelegatingMethodAccessorImpl.invoke(DelegatingMethodAccessorImpl.java:25)
	at java.lang.reflect.Method.invoke(Method.java:597)
	at com.simontuffs.onejar.Boot.run(Boot.java:340)
	at com.simontuffs.onejar.Boot.main(Boot.java:166)
2018-11-01 22:00:35,661 [main] FATAL ui.AVRSim - Encountered error during runtime.
instructions.RuntimeError: Hit max number of jumps for label: MJ_L0:
	at machine.MachineState.executeInstruction(MachineState.java:310)
	at ui.AVRSim.runAssem(AVRSim.java:97)
	at ui.AVRSim.run(AVRSim.java:82)
	at ui.Main.main(Main.java:134)
	at sun.reflect.NativeMethodAccessorImpl.invoke0(Native Method)
	at sun.reflect.NativeMethodAccessorImpl.invoke(NativeMethodAccessorImpl.java:39)
	at sun.reflect.DelegatingMethodAccessorImpl.invoke(DelegatingMethodAccessorImpl.java:25)
	at java.lang.reflect.Method.invoke(Method.java:597)
	at com.simontuffs.onejar.Boot.run(Boot.java:340)
	at com.simontuffs.onejar.Boot.main(Boot.java:166)
2018-11-01 22:01:33,733 [main] FATAL ui.AVRSim - Encountered fatal error...
java.lang.ArrayIndexOutOfBoundsException: 9
	at machine.MachineState.setDisplaySlate(MachineState.java:523)
	at machine.functions.FuncSetPix.exec(FuncSetPix.java:34)
	at instructions.InstrCall.execute(InstrCall.java:38)
	at instructions.Instr.executeWrapper(Instr.java:43)
	at machine.MachineState.executeInstruction(MachineState.java:321)
	at ui.AVRSim.runAssem(AVRSim.java:97)
	at ui.AVRSim.run(AVRSim.java:82)
	at ui.Main.main(Main.java:134)
	at sun.reflect.NativeMethodAccessorImpl.invoke0(Native Method)
	at sun.reflect.NativeMethodAccessorImpl.invoke(NativeMethodAccessorImpl.java:39)
	at sun.reflect.DelegatingMethodAccessorImpl.invoke(DelegatingMethodAccessorImpl.java:25)
	at java.lang.reflect.Method.invoke(Method.java:597)
	at com.simontuffs.onejar.Boot.run(Boot.java:340)
	at com.simontuffs.onejar.Boot.main(Boot.java:166)
2018-11-01 22:44:12,085 [main] FATAL ui.AVRSim - Encountered fatal error...
java.lang.ArrayIndexOutOfBoundsException: 9
	at machine.MachineState.setDisplaySlate(MachineState.java:523)
	at machine.functions.FuncSetPix.exec(FuncSetPix.java:34)
	at instructions.InstrCall.execute(InstrCall.java:38)
	at instructions.Instr.executeWrapper(Instr.java:43)
	at machine.MachineState.executeInstruction(MachineState.java:321)
	at ui.AVRSim.runAssem(AVRSim.java:97)
	at ui.AVRSim.run(AVRSim.java:82)
	at ui.Main.main(Main.java:134)
	at sun.reflect.NativeMethodAccessorImpl.invoke0(Native Method)
	at sun.reflect.NativeMethodAccessorImpl.invoke(NativeMethodAccessorImpl.java:39)
	at sun.reflect.DelegatingMethodAccessorImpl.invoke(DelegatingMethodAccessorImpl.java:25)
	at java.lang.reflect.Method.invoke(Method.java:597)
	at com.simontuffs.onejar.Boot.run(Boot.java:340)
	at com.simontuffs.onejar.Boot.main(Boot.java:166)
2018-11-24 19:58:56,929 [main] FATAL ui.AVRSim - Encountered error during runtime.
instructions.RuntimeError: Hit max number of jumps for label: endLabel:
	at machine.MachineState.executeInstruction(MachineState.java:310)
	at ui.AVRSim.runAssem(AVRSim.java:97)
	at ui.AVRSim.run(AVRSim.java:82)
	at ui.Main.main(Main.java:134)
	at sun.reflect.NativeMethodAccessorImpl.invoke0(Native Method)
	at sun.reflect.NativeMethodAccessorImpl.invoke(NativeMethodAccessorImpl.java:39)
	at sun.reflect.DelegatingMethodAccessorImpl.invoke(DelegatingMethodAccessorImpl.java:25)
	at java.lang.reflect.Method.invoke(Method.java:597)
	at com.simontuffs.onejar.Boot.run(Boot.java:340)
	at com.simontuffs.onejar.Boot.main(Boot.java:166)
2018-11-26 18:14:35,684 [main] FATAL ui.AVRSim - Encountered fatal error...
java.lang.NullPointerException
	at parse.ReadAssem.getProgram(ReadAssem.java:37)
	at ui.AVRSim.loadAssemFile(AVRSim.java:67)
	at ui.AVRSim.run(AVRSim.java:76)
	at ui.Main.main(Main.java:134)
	at sun.reflect.NativeMethodAccessorImpl.invoke0(Native Method)
	at sun.reflect.NativeMethodAccessorImpl.invoke(NativeMethodAccessorImpl.java:39)
	at sun.reflect.DelegatingMethodAccessorImpl.invoke(DelegatingMethodAccessorImpl.java:25)
	at java.lang.reflect.Method.invoke(Method.java:597)
	at com.simontuffs.onejar.Boot.run(Boot.java:340)
	at com.simontuffs.onejar.Boot.main(Boot.java:166)
2018-11-26 18:56:23,243 [main] FATAL ui.AVRSim - Encountered fatal error...
java.lang.NullPointerException
	at parse.ReadAssem.getProgram(ReadAssem.java:37)
	at ui.AVRSim.loadAssemFile(AVRSim.java:67)
	at ui.AVRSim.run(AVRSim.java:76)
	at ui.Main.main(Main.java:134)
	at sun.reflect.NativeMethodAccessorImpl.invoke0(Native Method)
	at sun.reflect.NativeMethodAccessorImpl.invoke(NativeMethodAccessorImpl.java:39)
	at sun.reflect.DelegatingMethodAccessorImpl.invoke(DelegatingMethodAccessorImpl.java:25)
	at java.lang.reflect.Method.invoke(Method.java:597)
	at com.simontuffs.onejar.Boot.run(Boot.java:340)
	at com.simontuffs.onejar.Boot.main(Boot.java:166)
2018-11-26 18:56:45,478 [main] FATAL ui.AVRSim - Encountered fatal error...
java.lang.NullPointerException
	at parse.ReadAssem.getProgram(ReadAssem.java:37)
	at ui.AVRSim.loadAssemFile(AVRSim.java:67)
	at ui.AVRSim.run(AVRSim.java:76)
	at ui.Main.main(Main.java:134)
	at sun.reflect.NativeMethodAccessorImpl.invoke0(Native Method)
	at sun.reflect.NativeMethodAccessorImpl.invoke(NativeMethodAccessorImpl.java:39)
	at sun.reflect.DelegatingMethodAccessorImpl.invoke(DelegatingMethodAccessorImpl.java:25)
	at java.lang.reflect.Method.invoke(Method.java:597)
	at com.simontuffs.onejar.Boot.run(Boot.java:340)
	at com.simontuffs.onejar.Boot.main(Boot.java:166)
2018-11-26 21:44:36,444 [main] FATAL ui.AVRSim - Encountered error during runtime.
instructions.RuntimeError: Hit max number of jumps for label: MJ_L0:
	at machine.MachineState.executeInstruction(MachineState.java:310)
	at ui.AVRSim.runAssem(AVRSim.java:97)
	at ui.AVRSim.run(AVRSim.java:82)
	at ui.Main.main(Main.java:134)
	at sun.reflect.NativeMethodAccessorImpl.invoke0(Native Method)
	at sun.reflect.NativeMethodAccessorImpl.invoke(NativeMethodAccessorImpl.java:39)
	at sun.reflect.DelegatingMethodAccessorImpl.invoke(DelegatingMethodAccessorImpl.java:25)
	at java.lang.reflect.Method.invoke(Method.java:597)
	at com.simontuffs.onejar.Boot.run(Boot.java:340)
	at com.simontuffs.onejar.Boot.main(Boot.java:166)
